Flow report for leon3mp
Sat Nov 23 16:30:34 2019
Quartus II 64-Bit Version 15.0.0 Build 145 04/22/2015 SJ Web Edition


---------------------
; Table of Contents ;
---------------------
  1. Legal Notice
  2. Flow Summary
  3. Flow Settings
  4. Flow Non-Default Global Settings
  5. Flow Elapsed Time
  6. Flow OS Summary
  7. Flow Log
  8. Flow Messages
  9. Flow Suppressed Messages



----------------
; Legal Notice ;
----------------
Copyright (C) 1991-2015 Altera Corporation. All rights reserved.
Your use of Altera Corporation's design tools, logic functions 
and other software and tools, and its AMPP partner logic 
functions, and any output files from any of the foregoing 
(including device programming or simulation files), and any 
associated documentation or information are expressly subject 
to the terms and conditions of the Altera Program License 
Subscription Agreement, the Altera Quartus II License Agreement,
the Altera MegaCore Function License Agreement, or other 
applicable license agreement, including, without limitation, 
that your use is for the sole purpose of programming logic 
devices manufactured by Altera and sold by Altera or its 
authorized distributors.  Please refer to the applicable 
agreement for further details.



+---------------------------------------------------------------------------------+
; Flow Summary                                                                    ;
+------------------------------------+--------------------------------------------+
; Flow Status                        ; Successful - Sat Nov 23 16:29:43 2019      ;
; Quartus II 64-Bit Version          ; 15.0.0 Build 145 04/22/2015 SJ Web Edition ;
; Revision Name                      ; leon3mp                                    ;
; Top-level Entity Name              ; leon3mp                                    ;
; Family                             ; Cyclone IV E                               ;
; Device                             ; EP4CE115F29C7                              ;
; Timing Models                      ; Final                                      ;
; Total logic elements               ; 36,925 / 114,480 ( 32 % )                  ;
;     Total combinational functions  ; 33,126 / 114,480 ( 29 % )                  ;
;     Dedicated logic registers      ; 16,152 / 114,480 ( 14 % )                  ;
; Total registers                    ; 16152                                      ;
; Total pins                         ; 200 / 529 ( 38 % )                         ;
; Total virtual pins                 ; 0                                          ;
; Total memory bits                  ; 2,374,806 / 3,981,312 ( 60 % )             ;
; Embedded Multiplier 9-bit elements ; 8 / 532 ( 2 % )                            ;
; Total PLLs                         ; 1 / 4 ( 25 % )                             ;
+------------------------------------+--------------------------------------------+


+-----------------------------------------+
; Flow Settings                           ;
+-------------------+---------------------+
; Option            ; Setting             ;
+-------------------+---------------------+
; Start date & time ; 11/23/2019 16:08:38 ;
; Main task         ; Compilation         ;
; Revision Name     ; leon3mp             ;
+-------------------+---------------------+


+--------------------------------------------------------------------------------------------------------------------------------------+
; Flow Non-Default Global Settings                                                                                                     ;
+---------------------------------------------------+---------------------------------------+---------------+-------------+------------+
; Assignment Name                                   ; Value                                 ; Default Value ; Entity Name ; Section Id ;
+---------------------------------------------------+---------------------------------------+---------------+-------------+------------+
; ALLOW_ANY_RAM_SIZE_FOR_RECOGNITION                ; On                                    ; Off           ; --          ; --         ;
; COMPILER_SIGNATURE_ID                             ; 0.157452171818127                     ; --            ; --          ; --         ;
; FLOW_ENABLE_IO_ASSIGNMENT_ANALYSIS                ; On                                    ; Off           ; --          ; --         ;
; MAX_CORE_JUNCTION_TEMP                            ; 85                                    ; --            ; --          ; --         ;
; MIN_CORE_JUNCTION_TEMP                            ; 0                                     ; --            ; --          ; --         ;
; MISC_FILE                                         ; memory/ptag_mem_tree_inst.vhd         ; --            ; --          ; --         ;
; MISC_FILE                                         ; memory/ptag_mem_tree.cmp              ; --            ; --          ; --         ;
; MISC_FILE                                         ; memory/ptag_mem_base_inst.vhd         ; --            ; --          ; --         ;
; MISC_FILE                                         ; memory/ptag_mem_base.cmp              ; --            ; --          ; --         ;
; MISC_FILE                                         ; memory/s_debug_memory_inst.vhd        ; --            ; --          ; --         ;
; MISC_FILE                                         ; memory/s_debug_memory.cmp             ; --            ; --          ; --         ;
; MISC_FILE                                         ; memory/cache_debug_inst.vhd           ; --            ; --          ; --         ;
; MISC_FILE                                         ; memory/cache_debug.cmp                ; --            ; --          ; --         ;
; MISC_FILE                                         ; memory/puf_mem_inst.vhd               ; --            ; --          ; --         ;
; MISC_FILE                                         ; memory/puf_mem.cmp                    ; --            ; --          ; --         ;
; MISC_FILE                                         ; memory/fuzzy_mem.cmp                  ; --            ; --          ; --         ;
; MISC_FILE                                         ; memory/debug_memory_inst.vhd          ; --            ; --          ; --         ;
; MISC_FILE                                         ; memory/debug_memory.cmp               ; --            ; --          ; --         ;
; MISC_FILE                                         ; memory/timestamp_inst.vhd             ; --            ; --          ; --         ;
; MISC_FILE                                         ; memory/timestamp.cmp                  ; --            ; --          ; --         ;
; NUM_PARALLEL_PROCESSORS                           ; All                                   ; --            ; --          ; --         ;
; PARTITION_COLOR                                   ; 16764057                              ; --            ; --          ; Top        ;
; PARTITION_FITTER_PRESERVATION_LEVEL               ; PLACEMENT_AND_ROUTING                 ; --            ; --          ; Top        ;
; PARTITION_NETLIST_TYPE                            ; SOURCE                                ; --            ; --          ; Top        ;
; PHYSICAL_SYNTHESIS_ASYNCHRONOUS_SIGNAL_PIPELINING ; On                                    ; Off           ; --          ; --         ;
; PHYSICAL_SYNTHESIS_COMBO_LOGIC                    ; On                                    ; Off           ; --          ; --         ;
; PHYSICAL_SYNTHESIS_REGISTER_DUPLICATION           ; On                                    ; Off           ; --          ; --         ;
; PHYSICAL_SYNTHESIS_REGISTER_RETIMING              ; On                                    ; Off           ; --          ; --         ;
; POWER_BOARD_THERMAL_MODEL                         ; None (CONSERVATIVE)                   ; --            ; --          ; --         ;
; POWER_PRESET_COOLING_SOLUTION                     ; 23 MM HEAT SINK WITH 200 LFPM AIRFLOW ; --            ; --          ; --         ;
; SEARCH_PATH                                       ; cshia                                 ; --            ; --          ; --         ;
; SMART_RECOMPILE                                   ; On                                    ; Off           ; --          ; --         ;
+---------------------------------------------------+---------------------------------------+---------------+-------------+------------+


+-------------------------------------------------------------------------------------------------------------------------------+
; Flow Elapsed Time                                                                                                             ;
+---------------------------+--------------+-------------------------+---------------------+------------------------------------+
; Module Name               ; Elapsed Time ; Average Processors Used ; Peak Virtual Memory ; Total CPU Time (on all processors) ;
+---------------------------+--------------+-------------------------+---------------------+------------------------------------+
; Analysis & Synthesis      ; 00:06:14     ; 1.0                     ; 1854 MB             ; 00:06:30                           ;
; I/O Assignment Analysis   ; 00:01:09     ; 1.0                     ; 1623 MB             ; 00:00:57                           ;
; Fitter                    ; 00:11:46     ; 1.6                     ; 2204 MB             ; 00:17:31                           ;
; Assembler                 ; 00:00:16     ; 1.0                     ; 1120 MB             ; 00:00:11                           ;
; TimeQuest Timing Analyzer ; 00:00:48     ; 1.3                     ; 1550 MB             ; 00:00:52                           ;
; Total                     ; 00:20:13     ; --                      ; --                  ; 00:26:01                           ;
+---------------------------+--------------+-------------------------+---------------------+------------------------------------+


+-------------------------------------------------------------------------------------------+
; Flow OS Summary                                                                           ;
+---------------------------+------------------+-------------+-------------+----------------+
; Module Name               ; Machine Hostname ; OS Name     ; OS Version  ; Processor type ;
+---------------------------+------------------+-------------+-------------+----------------+
; Analysis & Synthesis      ; shannon          ; Fedora Core ; Fedora Core ; x86_64         ;
; I/O Assignment Analysis   ; shannon          ; Fedora Core ; Fedora Core ; x86_64         ;
; Fitter                    ; shannon          ; Fedora Core ; Fedora Core ; x86_64         ;
; Assembler                 ; shannon          ; Fedora Core ; Fedora Core ; x86_64         ;
; TimeQuest Timing Analyzer ; shannon          ; Fedora Core ; Fedora Core ; x86_64         ;
+---------------------------+------------------+-------------+-------------+----------------+


------------
; Flow Log ;
------------
quartus_map --read_settings_files=on --write_settings_files=off leon3mp -c leon3mp
quartus_fit --read_settings_files=off --write_settings_files=off leon3mp -c leon3mp --plan
quartus_fit --read_settings_files=off --write_settings_files=off leon3mp -c leon3mp
quartus_asm --read_settings_files=off --write_settings_files=off leon3mp -c leon3mp
quartus_sta leon3mp -c leon3mp



